This file contains any messages produced by compilers while
running configure, to aid debugging if configure makes a mistake.

It was created by configure, which was
generated by GNU Autoconf 2.58.  Invocation command line was

  $ ./configure 

## --------- ##
## Platform. ##
## --------- ##

hostname = observer
uname -m = i686
uname -r = 3.2.0-38-generic-pae
uname -s = Linux
uname -v = #61-Ubuntu SMP Tue Feb 19 12:39:51 UTC 2013

/usr/bin/uname -p = unknown
/bin/uname -X     = unknown

/bin/arch              = unknown
/usr/bin/arch -k       = unknown
/usr/convex/getsysinfo = unknown
hostinfo               = unknown
/bin/machine           = unknown
/usr/bin/oslevel       = unknown
/bin/universe          = unknown

PATH: /home/sujesha/bin
PATH: /home/sujesha/Downloads/setup/apache-maven/apache-maven-2.2.1/bin
PATH: /home/sujesha/Downloads/setup/jakarta-jmeter-2.3.4/bin
PATH: /opt/tinyos-2.1.0/apps/my_apps/sample_store_telosb/AllSense_SendAfterAggregate/scripts
PATH: /home/sujesha/scripts/log-analysis-micro-bench/log-analysis-micro-bench-scripts
PATH: /home/sujesha/scripts/what-gives-what
PATH: /home/sujesha/scripts
PATH: /usr/local/sbin
PATH: /usr/local/bin
PATH: /usr/sbin
PATH: /usr/bin
PATH: /sbin
PATH: /bin
PATH: /usr/games
PATH: /home/sujesha/ns2/ns-allinone-2.31/bin
PATH: /home/sujesha/ns2/ns-allinone-2.31/tcl8.4.14/unix
PATH: /home/sujesha/ns2/ns-allinone-2.31/tk8.4.14/unix
PATH: /home/sujesha/ns2/ns-allinone-2.31/ns-2.31/
PATH: /home/sujesha/ns2/ns-allinone-2.31/nam-1.13/
PATH: /home/sujesha/bin
PATH: /home/sujesha/ns2/ns-allinone-2.31/bin
PATH: /home/sujesha/ns2/ns-allinone-2.31/tcl8.4.14/unix
PATH: /home/sujesha/ns2/ns-allinone-2.31/tk8.4.14/unix
PATH: /home/sujesha/ns2/ns-allinone-2.31/ns-2.31/
PATH: /home/sujesha/ns2/ns-allinone-2.31/nam-1.13/
PATH: /home/sujesha/Downloads/setup/apache-ant-1.8.1/bin
PATH: /home/sujesha/Downloads/setup/apache-maven/apache-maven-2.2.1/bin
PATH: /home/sujesha/Downloads/setup/JSDK2.0/bin


## ----------- ##
## Core tests. ##
## ----------- ##

configure:1517: checking for a BSD-compatible install
configure:1572: result: /usr/bin/install -c
configure:1583: checking whether build environment is sane
configure:1626: result: yes
configure:1659: checking for gawk
configure:1675: found /usr/bin/gawk
configure:1685: result: gawk
configure:1695: checking whether make sets $(MAKE)
configure:1715: result: yes
configure:1864: checking build system type
configure:1882: result: i686-pc-linux-gnu
configure:1890: checking host system type
configure:1904: result: i686-pc-linux-gnu
configure:1966: checking for g++
configure:1982: found /usr/bin/g++
configure:1992: result: g++
configure:2008: checking for C++ compiler version
configure:2011: g++ --version </dev/null >&5
g++ (Ubuntu/Linaro 4.6.3-1ubuntu5) 4.6.3
Copyright (C) 2011 Free Software Foundation, Inc.
This is free software; see the source for copying conditions.  There is NO
warranty; not even for MERCHANTABILITY or FITNESS FOR A PARTICULAR PURPOSE.

configure:2014: $? = 0
configure:2016: g++ -v </dev/null >&5
Using built-in specs.
COLLECT_GCC=g++
COLLECT_LTO_WRAPPER=/usr/lib/gcc/i686-linux-gnu/4.6/lto-wrapper
Target: i686-linux-gnu
Configured with: ../src/configure -v --with-pkgversion='Ubuntu/Linaro 4.6.3-1ubuntu5' --with-bugurl=file:///usr/share/doc/gcc-4.6/README.Bugs --enable-languages=c,c++,fortran,objc,obj-c++ --prefix=/usr --program-suffix=-4.6 --enable-shared --enable-linker-build-id --with-system-zlib --libexecdir=/usr/lib --without-included-gettext --enable-threads=posix --with-gxx-include-dir=/usr/include/c++/4.6 --libdir=/usr/lib --enable-nls --with-sysroot=/ --enable-clocale=gnu --enable-libstdcxx-debug --enable-libstdcxx-time=yes --enable-gnu-unique-object --enable-plugin --enable-objc-gc --enable-targets=all --disable-werror --with-arch-32=i686 --with-tune=generic --enable-checking=release --build=i686-linux-gnu --host=i686-linux-gnu --target=i686-linux-gnu
Thread model: posix
gcc version 4.6.3 (Ubuntu/Linaro 4.6.3-1ubuntu5) 
configure:2019: $? = 0
configure:2021: g++ -V </dev/null >&5
g++: error: unrecognized option '-V'
g++: fatal error: no input files
compilation terminated.
configure:2024: $? = 4
configure:2047: checking for C++ compiler default output file name
configure:2050: g++    conftest.cc  >&5
configure:2053: $? = 0
configure:2099: result: a.out
configure:2104: checking whether the C++ compiler works
configure:2110: ./a.out
configure:2113: $? = 0
configure:2130: result: yes
configure:2137: checking whether we are cross compiling
configure:2139: result: no
configure:2142: checking for suffix of executables
configure:2144: g++ -o conftest    conftest.cc  >&5
configure:2147: $? = 0
configure:2172: result: 
configure:2178: checking for suffix of object files
configure:2199: g++ -c   conftest.cc >&5
configure:2202: $? = 0
configure:2224: result: o
configure:2228: checking whether we are using the GNU C++ compiler
configure:2252: g++ -c   conftest.cc >&5
configure:2258: $? = 0
configure:2262: test -z 
			 || test ! -s conftest.err
configure:2265: $? = 0
configure:2268: test -s conftest.o
configure:2271: $? = 0
configure:2284: result: yes
configure:2290: checking whether g++ accepts -g
configure:2311: g++ -c -g  conftest.cc >&5
configure:2317: $? = 0
configure:2321: test -z 
			 || test ! -s conftest.err
configure:2324: $? = 0
configure:2327: test -s conftest.o
configure:2330: $? = 0
configure:2341: result: yes
configure:2383: g++ -c -g -O2  conftest.cc >&5
configure:2389: $? = 0
configure:2393: test -z 
			 || test ! -s conftest.err
configure:2396: $? = 0
configure:2399: test -s conftest.o
configure:2402: $? = 0
configure:2428: g++ -c -g -O2  conftest.cc >&5
conftest.cc: In function 'int main()':
conftest.cc:13:9: error: 'exit' was not declared in this scope
configure:2434: $? = 1
configure: failed program was:
| /* confdefs.h.  */
| 
| #define PACKAGE_NAME ""
| #define PACKAGE_TARNAME ""
| #define PACKAGE_VERSION ""
| #define PACKAGE_STRING ""
| #define PACKAGE_BUGREPORT ""
| /* end confdefs.h.  */
| 
| int
| main ()
| {
| exit (42);
|   ;
|   return 0;
| }
configure:2383: g++ -c -g -O2  conftest.cc >&5
conftest.cc:9:40: error: 'void std::exit(int)' should have been declared inside 'std'
configure:2389: $? = 1
configure: failed program was:
| /* confdefs.h.  */
| 
| #define PACKAGE_NAME ""
| #define PACKAGE_TARNAME ""
| #define PACKAGE_VERSION ""
| #define PACKAGE_STRING ""
| #define PACKAGE_BUGREPORT ""
| /* end confdefs.h.  */
| extern "C" void std::exit (int) throw (); using std::exit;
| #include <stdlib.h>
| int
| main ()
| {
| exit (42);
|   ;
|   return 0;
| }
configure:2383: g++ -c -g -O2  conftest.cc >&5
conftest.cc:9:31: error: 'void std::exit(int)' should have been declared inside 'std'
In file included from conftest.cc:10:0:
/usr/include/stdlib.h:544:70: error: declaration of 'void std::exit(int) throw ()' has a different exception specifier
conftest.cc:9:17: error: from previous declaration 'void std::exit(int)'
configure:2389: $? = 1
configure: failed program was:
| /* confdefs.h.  */
| 
| #define PACKAGE_NAME ""
| #define PACKAGE_TARNAME ""
| #define PACKAGE_VERSION ""
| #define PACKAGE_STRING ""
| #define PACKAGE_BUGREPORT ""
| /* end confdefs.h.  */
| extern "C" void std::exit (int); using std::exit;
| #include <stdlib.h>
| int
| main ()
| {
| exit (42);
|   ;
|   return 0;
| }
configure:2383: g++ -c -g -O2  conftest.cc >&5
configure:2389: $? = 0
configure:2393: test -z 
			 || test ! -s conftest.err
configure:2396: $? = 0
configure:2399: test -s conftest.o
configure:2402: $? = 0
configure:2428: g++ -c -g -O2  conftest.cc >&5
configure:2434: $? = 0
configure:2438: test -z 
			 || test ! -s conftest.err
configure:2441: $? = 0
configure:2444: test -s conftest.o
configure:2447: $? = 0
configure:2489: checking for style of include used by make
configure:2517: result: GNU
configure:2545: checking dependency style of g++
configure:2607: result: gcc3
configure:2658: checking for gcc
configure:2674: found /usr/bin/gcc
configure:2684: result: gcc
configure:2928: checking for C compiler version
configure:2931: gcc --version </dev/null >&5
gcc (Ubuntu/Linaro 4.6.3-1ubuntu5) 4.6.3
Copyright (C) 2011 Free Software Foundation, Inc.
This is free software; see the source for copying conditions.  There is NO
warranty; not even for MERCHANTABILITY or FITNESS FOR A PARTICULAR PURPOSE.

configure:2934: $? = 0
configure:2936: gcc -v </dev/null >&5
Using built-in specs.
COLLECT_GCC=gcc
COLLECT_LTO_WRAPPER=/usr/lib/gcc/i686-linux-gnu/4.6/lto-wrapper
Target: i686-linux-gnu
Configured with: ../src/configure -v --with-pkgversion='Ubuntu/Linaro 4.6.3-1ubuntu5' --with-bugurl=file:///usr/share/doc/gcc-4.6/README.Bugs --enable-languages=c,c++,fortran,objc,obj-c++ --prefix=/usr --program-suffix=-4.6 --enable-shared --enable-linker-build-id --with-system-zlib --libexecdir=/usr/lib --without-included-gettext --enable-threads=posix --with-gxx-include-dir=/usr/include/c++/4.6 --libdir=/usr/lib --enable-nls --with-sysroot=/ --enable-clocale=gnu --enable-libstdcxx-debug --enable-libstdcxx-time=yes --enable-gnu-unique-object --enable-plugin --enable-objc-gc --enable-targets=all --disable-werror --with-arch-32=i686 --with-tune=generic --enable-checking=release --build=i686-linux-gnu --host=i686-linux-gnu --target=i686-linux-gnu
Thread model: posix
gcc version 4.6.3 (Ubuntu/Linaro 4.6.3-1ubuntu5) 
configure:2939: $? = 0
configure:2941: gcc -V </dev/null >&5
gcc: error: unrecognized option '-V'
gcc: fatal error: no input files
compilation terminated.
configure:2944: $? = 4
configure:2947: checking whether we are using the GNU C compiler
configure:2971: gcc -c   conftest.c >&5
configure:2977: $? = 0
configure:2981: test -z 
			 || test ! -s conftest.err
configure:2984: $? = 0
configure:2987: test -s conftest.o
configure:2990: $? = 0
configure:3003: result: yes
configure:3009: checking whether gcc accepts -g
configure:3030: gcc -c -g  conftest.c >&5
configure:3036: $? = 0
configure:3040: test -z 
			 || test ! -s conftest.err
configure:3043: $? = 0
configure:3046: test -s conftest.o
configure:3049: $? = 0
configure:3060: result: yes
configure:3077: checking for gcc option to accept ANSI C
configure:3147: gcc  -c -g -O2  conftest.c >&5
configure:3153: $? = 0
configure:3157: test -z 
			 || test ! -s conftest.err
configure:3160: $? = 0
configure:3163: test -s conftest.o
configure:3166: $? = 0
configure:3184: result: none needed
configure:3202: gcc -c -g -O2  conftest.c >&5
conftest.c:2:3: error: unknown type name 'choke'
conftest.c:2:3: error: expected '=', ',', ';', 'asm' or '__attribute__' at end of input
configure:3208: $? = 1
configure: failed program was:
| #ifndef __cplusplus
|   choke me
| #endif
configure:3343: checking dependency style of gcc
configure:3405: result: gcc3
configure:3415: checking how to run the C preprocessor
configure:3450: gcc -E  conftest.c
configure:3456: $? = 0
configure:3488: gcc -E  conftest.c
conftest.c:12:28: fatal error: ac_nonexistent.h: No such file or directory
compilation terminated.
configure:3494: $? = 1
configure: failed program was:
| /* confdefs.h.  */
| 
| #define PACKAGE_NAME ""
| #define PACKAGE_TARNAME ""
| #define PACKAGE_VERSION ""
| #define PACKAGE_STRING ""
| #define PACKAGE_BUGREPORT ""
| #ifdef __cplusplus
| extern "C" void exit (int) throw ();
| #endif
| /* end confdefs.h.  */
| #include <ac_nonexistent.h>
configure:3533: result: gcc -E
configure:3557: gcc -E  conftest.c
configure:3563: $? = 0
configure:3595: gcc -E  conftest.c
conftest.c:12:28: fatal error: ac_nonexistent.h: No such file or directory
compilation terminated.
configure:3601: $? = 1
configure: failed program was:
| /* confdefs.h.  */
| 
| #define PACKAGE_NAME ""
| #define PACKAGE_TARNAME ""
| #define PACKAGE_VERSION ""
| #define PACKAGE_STRING ""
| #define PACKAGE_BUGREPORT ""
| #ifdef __cplusplus
| extern "C" void exit (int) throw ();
| #endif
| /* end confdefs.h.  */
| #include <ac_nonexistent.h>
configure:3732: checking for ld used by GCC
configure:3795: result: /usr/bin/ld
configure:3804: checking if the linker (/usr/bin/ld) is GNU ld
GNU ld (GNU Binutils for Ubuntu) 2.22
configure:3816: result: yes
configure:3821: checking for /usr/bin/ld option to reload object files
configure:3828: result: -r
configure:3833: checking for BSD-compatible nm
configure:3869: result: /usr/bin/nm -B
configure:3872: checking for a sed that does not truncate output
configure:3954: result: /bin/sed
configure:3957: checking whether ln -s works
configure:3961: result: yes
configure:3968: checking how to recognise dependent libraries
configure:4149: result: pass_all
configure:4162: checking command to parse /usr/bin/nm -B output
configure:4246: gcc -c -g -O2  conftest.c >&5
configure:4249: $? = 0
configure:4253: /usr/bin/nm -B conftest.o \| sed -n -e 's/^.*[ 	]\([ABCDGISTW][ABCDGISTW]*\)[ 	][ 	]*\(\)\([_A-Za-z][_A-Za-z0-9]*\)$/\1 \2\3 \3/p' \> conftest.nm
configure:4256: $? = 0
configure:4308: gcc -o conftest -g -O2   conftest.c conftstm.o >&5
configure:4311: $? = 0
configure:4355: result: ok
configure:4360: checking for egrep
configure:4370: result: grep -E
configure:4375: checking for ANSI C header files
configure:4400: gcc -c -g -O2  conftest.c >&5
configure:4406: $? = 0
configure:4410: test -z 
			 || test ! -s conftest.err
configure:4413: $? = 0
configure:4416: test -s conftest.o
configure:4419: $? = 0
configure:4508: gcc -o conftest -g -O2   conftest.c  >&5
conftest.c: In function 'main':
conftest.c:29:7: warning: incompatible implicit declaration of built-in function 'exit' [enabled by default]
configure:4511: $? = 0
configure:4513: ./conftest
configure:4516: $? = 0
configure:4531: result: yes
configure:4555: checking for sys/types.h
configure:4571: gcc -c -g -O2  conftest.c >&5
configure:4577: $? = 0
configure:4581: test -z 
			 || test ! -s conftest.err
configure:4584: $? = 0
configure:4587: test -s conftest.o
configure:4590: $? = 0
configure:4601: result: yes
configure:4555: checking for sys/stat.h
configure:4571: gcc -c -g -O2  conftest.c >&5
configure:4577: $? = 0
configure:4581: test -z 
			 || test ! -s conftest.err
configure:4584: $? = 0
configure:4587: test -s conftest.o
configure:4590: $? = 0
configure:4601: result: yes
configure:4555: checking for stdlib.h
configure:4571: gcc -c -g -O2  conftest.c >&5
configure:4577: $? = 0
configure:4581: test -z 
			 || test ! -s conftest.err
configure:4584: $? = 0
configure:4587: test -s conftest.o
configure:4590: $? = 0
configure:4601: result: yes
configure:4555: checking for string.h
configure:4571: gcc -c -g -O2  conftest.c >&5
configure:4577: $? = 0
configure:4581: test -z 
			 || test ! -s conftest.err
configure:4584: $? = 0
configure:4587: test -s conftest.o
configure:4590: $? = 0
configure:4601: result: yes
configure:4555: checking for memory.h
configure:4571: gcc -c -g -O2  conftest.c >&5
configure:4577: $? = 0
configure:4581: test -z 
			 || test ! -s conftest.err
configure:4584: $? = 0
configure:4587: test -s conftest.o
configure:4590: $? = 0
configure:4601: result: yes
configure:4555: checking for strings.h
configure:4571: gcc -c -g -O2  conftest.c >&5
configure:4577: $? = 0
configure:4581: test -z 
			 || test ! -s conftest.err
configure:4584: $? = 0
configure:4587: test -s conftest.o
configure:4590: $? = 0
configure:4601: result: yes
configure:4555: checking for inttypes.h
configure:4571: gcc -c -g -O2  conftest.c >&5
configure:4577: $? = 0
configure:4581: test -z 
			 || test ! -s conftest.err
configure:4584: $? = 0
configure:4587: test -s conftest.o
configure:4590: $? = 0
configure:4601: result: yes
configure:4555: checking for stdint.h
configure:4571: gcc -c -g -O2  conftest.c >&5
configure:4577: $? = 0
configure:4581: test -z 
			 || test ! -s conftest.err
configure:4584: $? = 0
configure:4587: test -s conftest.o
configure:4590: $? = 0
configure:4601: result: yes
configure:4555: checking for unistd.h
configure:4571: gcc -c -g -O2  conftest.c >&5
configure:4577: $? = 0
configure:4581: test -z 
			 || test ! -s conftest.err
configure:4584: $? = 0
configure:4587: test -s conftest.o
configure:4590: $? = 0
configure:4601: result: yes
configure:4627: checking dlfcn.h usability
configure:4639: gcc -c -g -O2  conftest.c >&5
configure:4645: $? = 0
configure:4649: test -z 
			 || test ! -s conftest.err
configure:4652: $? = 0
configure:4655: test -s conftest.o
configure:4658: $? = 0
configure:4668: result: yes
configure:4672: checking dlfcn.h presence
configure:4682: gcc -E  conftest.c
configure:4688: $? = 0
configure:4708: result: yes
configure:4743: checking for dlfcn.h
configure:4750: result: yes
configure:4948: checking for ranlib
configure:4964: found /usr/bin/ranlib
configure:4975: result: ranlib
configure:5028: checking for strip
configure:5044: found /usr/bin/strip
configure:5055: result: strip
configure:5275: checking for objdir
configure:5286: result: .libs
configure:5303: checking for gcc option to produce PIC
configure:5449: result: -fPIC
configure:5453: checking if gcc PIC flag -fPIC works
configure:5476: gcc -c -g -O2 -fPIC -DPIC  conftest.c >&5
configure:5482: $? = 0
configure:5486: test -z 
			 || test ! -s conftest.err
configure:5489: $? = 0
configure:5492: test -s conftest.o
configure:5495: $? = 0
configure:5533: result: yes
configure:5549: checking if gcc static flag -static works
configure:5573: gcc -o conftest -g -O2   -static conftest.c  >&5
configure:5579: $? = 0
configure:5583: test -z 
			 || test ! -s conftest.err
configure:5586: $? = 0
configure:5589: test -s conftest
configure:5592: $? = 0
configure:5609: result: yes
configure:5621: checking if gcc supports -c -o file.o
configure:5641: gcc -c -g -O2 -o out/conftest2.o  conftest.c >&5
configure:5665: result: yes
configure:5670: checking if gcc supports -c -o file.lo
configure:5697: gcc -c -g -O2 -c -o conftest.lo  conftest.c >&5
configure:5703: $? = 0
configure:5707: test -z 
			 || test ! -s conftest.err
configure:5710: $? = 0
configure:5713: test -s conftest.lo
configure:5716: $? = 0
configure:5738: result: yes
configure:5769: checking if gcc supports -fno-rtti -fno-exceptions
configure:5791: gcc -c -g -O2 -fno-rtti -fno-exceptions -c conftest.c  conftest.c >&5
cc1: warning: command line option '-fno-rtti' is valid for C++/ObjC++ but not for C [enabled by default]
cc1: warning: command line option '-fno-rtti' is valid for C++/ObjC++ but not for C [enabled by default]
configure:5797: $? = 0
configure:5801: test -z 
			 || test ! -s conftest.err
configure:5804: $? = 0
configure:5807: test -s conftest.o
configure:5810: $? = 0
configure:5827: result: no
configure:5838: checking whether the linker (/usr/bin/ld) supports shared libraries
configure:6533: result: yes
configure:6538: checking how to hardcode library paths into programs
configure:6562: result: immediate
configure:6567: checking whether stripping libraries is possible
configure:6572: result: yes
configure:6583: checking dynamic linker characteristics
configure:6990: result: GNU/Linux ld.so
configure:6995: checking if libtool supports shared libraries
configure:6997: result: yes
configure:7000: checking whether to build shared libraries
configure:7021: result: yes
configure:7024: checking whether to build static libraries
configure:7028: result: yes
configure:7778: checking whether -lc should be explicitly linked in
configure:7786: gcc -c -g -O2  conftest.c >&5
configure:7789: $? = 0
configure:7803: gcc -shared conftest.o  -v -Wl,-soname -Wl,conftest -o conftest 2\>\&1 \| grep  -lc  \>/dev/null 2\>\&1
configure:7806: $? = 0
configure:7819: result: no
configure:8405: checking for a BSD-compatible install
configure:8460: result: /usr/bin/install -c
configure:8477: checking for ANSI C header files
configure:8633: result: yes
configure:8648: checking for string.h
configure:8653: result: yes
configure:8795: checking for stdbool.h that conforms to C99
configure:8848: gcc -c -g -O2  conftest.c >&5
conftest.c:51:2: warning: variably modified 'd' at file scope [enabled by default]
conftest.c:53:2: warning: variably modified 'f' at file scope [enabled by default]
configure:8854: $? = 0
configure:8858: test -z 
			 || test ! -s conftest.err
configure:8861: $? = 0
configure:8864: test -s conftest.o
configure:8867: $? = 0
configure:8878: result: yes
configure:8880: checking for _Bool
configure:8904: gcc -c -g -O2  conftest.c >&5
configure:8910: $? = 0
configure:8914: test -z 
			 || test ! -s conftest.err
configure:8917: $? = 0
configure:8920: test -s conftest.o
configure:8923: $? = 0
configure:8934: result: yes
configure:8953: checking for an ANSI C-conforming const
configure:9020: gcc -c -g -O2  conftest.c >&5
configure:9026: $? = 0
configure:9030: test -z 
			 || test ! -s conftest.err
configure:9033: $? = 0
configure:9036: test -s conftest.o
configure:9039: $? = 0
configure:9050: result: yes
configure:9060: checking for inline
configure:9081: gcc -c -g -O2  conftest.c >&5
configure:9087: $? = 0
configure:9091: test -z 
			 || test ! -s conftest.err
configure:9094: $? = 0
configure:9097: test -s conftest.o
configure:9100: $? = 0
configure:9112: result: inline
configure:9137: checking for bzero
configure:9194: gcc -o conftest -g -O2   conftest.c  >&5
conftest.c:51:6: warning: conflicting types for built-in function 'bzero' [enabled by default]
configure:9200: $? = 0
configure:9204: test -z 
			 || test ! -s conftest.err
configure:9207: $? = 0
configure:9210: test -s conftest
configure:9213: $? = 0
configure:9225: result: yes
configure:9340: creating ./config.status

## ---------------------- ##
## Running config.status. ##
## ---------------------- ##

This file was extended by config.status, which was
generated by GNU Autoconf 2.58.  Invocation command line was

  CONFIG_FILES    = 
  CONFIG_HEADERS  = 
  CONFIG_LINKS    = 
  CONFIG_COMMANDS = 
  $ ./config.status 

on observer

config.status:697: creating Makefile
config.status:697: creating src/Makefile
config.status:801: creating config.h
config.status:915: config.h is unchanged
config.status:1076: executing depfiles commands

## ---------------- ##
## Cache variables. ##
## ---------------- ##

ac_cv_build=i686-pc-linux-gnu
ac_cv_build_alias=i686-pc-linux-gnu
ac_cv_c_compiler_gnu=yes
ac_cv_c_const=yes
ac_cv_c_inline=inline
ac_cv_cxx_compiler_gnu=yes
ac_cv_env_CC_set=
ac_cv_env_CC_value=
ac_cv_env_CFLAGS_set=
ac_cv_env_CFLAGS_value=
ac_cv_env_CPPFLAGS_set=
ac_cv_env_CPPFLAGS_value=
ac_cv_env_CPP_set=
ac_cv_env_CPP_value=
ac_cv_env_CXXFLAGS_set=
ac_cv_env_CXXFLAGS_value=
ac_cv_env_CXX_set=
ac_cv_env_CXX_value=
ac_cv_env_LDFLAGS_set=
ac_cv_env_LDFLAGS_value=
ac_cv_env_build_alias_set=
ac_cv_env_build_alias_value=
ac_cv_env_host_alias_set=
ac_cv_env_host_alias_value=
ac_cv_env_target_alias_set=
ac_cv_env_target_alias_value=
ac_cv_exeext=
ac_cv_func_bzero=yes
ac_cv_header_dlfcn_h=yes
ac_cv_header_inttypes_h=yes
ac_cv_header_memory_h=yes
ac_cv_header_stdbool_h=yes
ac_cv_header_stdc=yes
ac_cv_header_stdint_h=yes
ac_cv_header_stdlib_h=yes
ac_cv_header_string_h=yes
ac_cv_header_strings_h=yes
ac_cv_header_sys_stat_h=yes
ac_cv_header_sys_types_h=yes
ac_cv_header_unistd_h=yes
ac_cv_host=i686-pc-linux-gnu
ac_cv_host_alias=i686-pc-linux-gnu
ac_cv_objext=o
ac_cv_path_install='/usr/bin/install -c'
ac_cv_prog_AWK=gawk
ac_cv_prog_CPP='gcc -E'
ac_cv_prog_ac_ct_CC=gcc
ac_cv_prog_ac_ct_CXX=g++
ac_cv_prog_ac_ct_RANLIB=ranlib
ac_cv_prog_ac_ct_STRIP=strip
ac_cv_prog_cc_g=yes
ac_cv_prog_cc_stdc=
ac_cv_prog_cxx_g=yes
ac_cv_prog_egrep='grep -E'
ac_cv_prog_make_make_set=yes
ac_cv_type__Bool=yes
am_cv_CC_dependencies_compiler_type=gcc3
am_cv_CXX_dependencies_compiler_type=gcc3
lt_cv_archive_cmds_need_lc=no
lt_cv_compiler_c_o=yes
lt_cv_compiler_o_lo=yes
lt_cv_deplibs_check_method=pass_all
lt_cv_file_magic_cmd='$MAGIC_CMD'
lt_cv_file_magic_test_file='/lib/libc.so* /lib/libc-*.so'
lt_cv_global_symbol_to_c_name_address='sed -n -e '\''s/^: \([^ ]*\) $/  {\"\1\", (lt_ptr) 0},/p'\'' -e '\''s/^[BCDEGRST] \([^ ]*\) \([^ ]*\)$/  {"\2", (lt_ptr) \&\2},/p'\'''
lt_cv_global_symbol_to_cdecl='sed -n -e '\''s/^. .* \(.*\)$/extern char \1;/p'\'''
lt_cv_ld_reload_flag=-r
lt_cv_path_LD=/usr/bin/ld
lt_cv_path_NM='/usr/bin/nm -B'
lt_cv_path_SED=/bin/sed
lt_cv_prog_cc_can_build_shared=yes
lt_cv_prog_cc_no_builtin=
lt_cv_prog_cc_pic=' -fPIC'
lt_cv_prog_cc_pic_works=yes
lt_cv_prog_cc_shlib=
lt_cv_prog_cc_static=-static
lt_cv_prog_cc_static_works=yes
lt_cv_prog_cc_wl=-Wl,
lt_cv_prog_gnu_ld=yes
lt_cv_sys_global_symbol_pipe='sed -n -e '\''s/^.*[ 	]\([ABCDGISTW][ABCDGISTW]*\)[ 	][ 	]*\(\)\([_A-Za-z][_A-Za-z0-9]*\)$/\1 \2\3 \3/p'\'''

## ----------------- ##
## Output variables. ##
## ----------------- ##

ACLOCAL='${SHELL} /home/sujesha/Documents/APS/provided-eval/datadumping/sim_replay/provided/rabin-tool-master/missing --run aclocal-1.6'
AMDEPBACKSLASH='\'
AMDEP_FALSE='#'
AMDEP_TRUE=''
AMTAR='${SHELL} /home/sujesha/Documents/APS/provided-eval/datadumping/sim_replay/provided/rabin-tool-master/missing --run tar'
AUTOCONF='${SHELL} /home/sujesha/Documents/APS/provided-eval/datadumping/sim_replay/provided/rabin-tool-master/missing --run autoconf'
AUTOHEADER='${SHELL} /home/sujesha/Documents/APS/provided-eval/datadumping/sim_replay/provided/rabin-tool-master/missing --run autoheader'
AUTOMAKE='${SHELL} /home/sujesha/Documents/APS/provided-eval/datadumping/sim_replay/provided/rabin-tool-master/missing --run automake-1.6'
AWK='gawk'
CC='gcc'
CCDEPMODE='depmode=gcc3'
CFLAGS='-g -O2'
CPP='gcc -E'
CPPFLAGS=''
CXX='g++'
CXXDEPMODE='depmode=gcc3'
CXXFLAGS='-g -O2'
DEFS='-DHAVE_CONFIG_H'
DEPDIR='.deps'
ECHO='echo'
ECHO_C=''
ECHO_N='-n'
ECHO_T=''
EGREP='grep -E'
EXEEXT=''
INSTALL_DATA='${INSTALL} -m 644'
INSTALL_PROGRAM='${INSTALL}'
INSTALL_SCRIPT='${INSTALL}'
INSTALL_STRIP_PROGRAM='${SHELL} $(install_sh) -c -s'
LDFLAGS=''
LIBOBJS=''
LIBS=''
LIBTOOL='$(SHELL) $(top_builddir)/libtool'
LN_S='ln -s'
LTLIBOBJS=''
MAKEINFO='${SHELL} /home/sujesha/Documents/APS/provided-eval/datadumping/sim_replay/provided/rabin-tool-master/missing --run makeinfo'
OBJEXT='o'
PACKAGE='rabinpoly'
PACKAGE_BUGREPORT=''
PACKAGE_NAME=''
PACKAGE_STRING=''
PACKAGE_TARNAME=''
PACKAGE_VERSION=''
PATH_SEPARATOR=':'
RANLIB='ranlib'
SET_MAKE=''
SHELL='/bin/bash'
STRIP='strip'
VERSION='1.0a'
ac_ct_CC='gcc'
ac_ct_CXX='g++'
ac_ct_RANLIB='ranlib'
ac_ct_STRIP='strip'
am__include='include'
am__quote=''
bindir='${exec_prefix}/bin'
build='i686-pc-linux-gnu'
build_alias=''
build_cpu='i686'
build_os='linux-gnu'
build_vendor='pc'
datadir='${prefix}/share'
exec_prefix='${prefix}'
host='i686-pc-linux-gnu'
host_alias=''
host_cpu='i686'
host_os='linux-gnu'
host_vendor='pc'
includedir='${prefix}/include'
infodir='${prefix}/info'
install_sh='/home/sujesha/Documents/APS/provided-eval/datadumping/sim_replay/provided/rabin-tool-master/install-sh'
libdir='${exec_prefix}/lib'
libexecdir='${exec_prefix}/libexec'
localstatedir='${prefix}/var'
mandir='${prefix}/man'
oldincludedir='/usr/include'
prefix='/usr/local'
program_transform_name='s,x,x,'
sbindir='${exec_prefix}/sbin'
sharedstatedir='${prefix}/com'
sysconfdir='${prefix}/etc'
target_alias=''

## ----------- ##
## confdefs.h. ##
## ----------- ##

#define HAVE_BZERO 1
#define HAVE_DLFCN_H 1
#define HAVE_INTTYPES_H 1
#define HAVE_MEMORY_H 1
#define HAVE_STDBOOL_H 1
#define HAVE_STDINT_H 1
#define HAVE_STDLIB_H 1
#define HAVE_STRINGS_H 1
#define HAVE_STRING_H 1
#define HAVE_STRING_H 1
#define HAVE_SYS_STAT_H 1
#define HAVE_SYS_TYPES_H 1
#define HAVE_UNISTD_H 1
#define HAVE__BOOL 1
#define PACKAGE_BUGREPORT ""
#define PACKAGE_NAME ""
#define PACKAGE_STRING ""
#define PACKAGE_TARNAME ""
#define PACKAGE_VERSION ""
#define STDC_HEADERS 1
#define STDC_HEADERS 1
#endif
#ifdef __cplusplus
extern "C" void exit (int) throw ();

configure: exit 0
